2025-08-27 18:26:41,042 DEBUG    root            Loaded Command Group: ['gcloud', 'components']
2025-08-27 18:26:41,044 DEBUG    root            Loaded Command Group: ['gcloud', 'components', 'update']
2025-08-27 18:26:41,045 DEBUG    root            Running [gcloud.components.update] with arguments: [--quiet: "True", COMPONENT-IDS:8: "['gcloud', 'core', 'bq', 'gsutil', 'compute', 'preview', 'alpha', 'beta']"]
2025-08-27 18:26:41,046 INFO     ___FILE_ONLY___ Beginning update. This process may take several minutes.

2025-08-27 18:26:41,054 DEBUG    urllib3.connectionpool Starting new HTTPS connection (1): dl.google.com:443
2025-08-27 18:26:41,979 DEBUG    urllib3.connectionpool https://dl.google.com:443 "GET /dl/cloudsdk/channels/rapid/components-2.json HTTP/11" 200 233150
2025-08-27 18:26:41,991 WARNING  root            Component [compute] no longer exists.
2025-08-27 18:26:41,992 INFO     ___FILE_ONLY___ 

2025-08-27 18:26:41,992 INFO     ___FILE_ONLY___ 
Your current Google Cloud CLI version is: 536.0.0

2025-08-27 18:26:41,992 INFO     ___FILE_ONLY___ Installing components from version: 536.0.0

2025-08-27 18:26:41,992 INFO     ___FILE_ONLY___ 

2025-08-27 18:26:41,993 DEBUG    root            Chosen display Format:table[box,title="These components will be removed."](details.display_name:label=Name:align=left,version.version_string:label=Version:align=right,data.size.size(zero="",min=1048576):label=Size:align=right)
2025-08-27 18:26:41,993 DEBUG    root            Chosen display Format:table[box,title="These components will be updated."](details.display_name:label=Name:align=left,version.version_string:label=Version:align=right,data.size.size(zero="",min=1048576):label=Size:align=right)
2025-08-27 18:26:41,993 DEBUG    root            Chosen display Format:table[box,title="These components will be installed."](details.display_name:label=Name:align=left,version.version_string:label=Version:align=right,data.size.size(zero="",min=1048576):label=Size:align=right)
2025-08-27 18:26:42,012 INFO     ___FILE_ONLY___ ┌────────────────────────────────────────────────┐
2025-08-27 18:26:42,012 INFO     ___FILE_ONLY___ 

2025-08-27 18:26:42,012 INFO     ___FILE_ONLY___ │      These components will be installed.       │
2025-08-27 18:26:42,012 INFO     ___FILE_ONLY___ 

2025-08-27 18:26:42,012 INFO     ___FILE_ONLY___ ├─────────────────────────┬────────────┬─────────┤
2025-08-27 18:26:42,013 INFO     ___FILE_ONLY___ 

2025-08-27 18:26:42,013 INFO     ___FILE_ONLY___ │           Name          │  Version   │   Size  │
2025-08-27 18:26:42,013 INFO     ___FILE_ONLY___ 

2025-08-27 18:26:42,013 INFO     ___FILE_ONLY___ ├─────────────────────────┼────────────┼─────────┤
2025-08-27 18:26:42,013 INFO     ___FILE_ONLY___ 

2025-08-27 18:26:42,013 INFO     ___FILE_ONLY___ │ 
2025-08-27 18:26:42,013 INFO     ___FILE_ONLY___ gcloud Alpha Commands  
2025-08-27 18:26:42,013 INFO     ___FILE_ONLY___  
2025-08-27 18:26:42,013 INFO     ___FILE_ONLY___ │ 
2025-08-27 18:26:42,013 INFO     ___FILE_ONLY___ 2025.08.22
2025-08-27 18:26:42,013 INFO     ___FILE_ONLY___  
2025-08-27 18:26:42,014 INFO     ___FILE_ONLY___ │ 
2025-08-27 18:26:42,014 INFO     ___FILE_ONLY___ < 1 MiB
2025-08-27 18:26:42,014 INFO     ___FILE_ONLY___  
2025-08-27 18:26:42,014 INFO     ___FILE_ONLY___ │
2025-08-27 18:26:42,014 INFO     ___FILE_ONLY___ 

2025-08-27 18:26:42,014 INFO     ___FILE_ONLY___ │ 
2025-08-27 18:26:42,014 INFO     ___FILE_ONLY___ gcloud Beta Commands   
2025-08-27 18:26:42,014 INFO     ___FILE_ONLY___  
2025-08-27 18:26:42,014 INFO     ___FILE_ONLY___ │ 
2025-08-27 18:26:42,014 INFO     ___FILE_ONLY___ 2025.08.22
2025-08-27 18:26:42,014 INFO     ___FILE_ONLY___  
2025-08-27 18:26:42,014 INFO     ___FILE_ONLY___ │ 
2025-08-27 18:26:42,014 INFO     ___FILE_ONLY___ < 1 MiB
2025-08-27 18:26:42,015 INFO     ___FILE_ONLY___  
2025-08-27 18:26:42,015 INFO     ___FILE_ONLY___ │
2025-08-27 18:26:42,015 INFO     ___FILE_ONLY___ 

2025-08-27 18:26:42,015 INFO     ___FILE_ONLY___ │ 
2025-08-27 18:26:42,015 INFO     ___FILE_ONLY___ gcloud Preview Commands
2025-08-27 18:26:42,015 INFO     ___FILE_ONLY___  
2025-08-27 18:26:42,015 INFO     ___FILE_ONLY___ │ 
2025-08-27 18:26:42,015 INFO     ___FILE_ONLY___           
2025-08-27 18:26:42,015 INFO     ___FILE_ONLY___  
2025-08-27 18:26:42,015 INFO     ___FILE_ONLY___ │ 
2025-08-27 18:26:42,015 INFO     ___FILE_ONLY___ < 1 MiB
2025-08-27 18:26:42,015 INFO     ___FILE_ONLY___  
2025-08-27 18:26:42,015 INFO     ___FILE_ONLY___ │
2025-08-27 18:26:42,016 INFO     ___FILE_ONLY___ 

2025-08-27 18:26:42,016 INFO     ___FILE_ONLY___ └─────────────────────────┴────────────┴─────────┘
2025-08-27 18:26:42,016 INFO     ___FILE_ONLY___ 

2025-08-27 18:26:42,016 INFO     ___FILE_ONLY___ 

2025-08-27 18:26:42,019 DEBUG    urllib3.connectionpool Starting new HTTPS connection (1): dl.google.com:443
2025-08-27 18:26:42,930 DEBUG    urllib3.connectionpool https://dl.google.com:443 "GET /dl/cloudsdk/channels/rapid/RELEASE_NOTES HTTP/11" 200 1471172
2025-08-27 18:26:43,433 INFO     ___FILE_ONLY___ For the latest full release notes, please visit:
  https://cloud.google.com/sdk/release_notes


2025-08-27 18:26:43,433 INFO     ___FILE_ONLY___ Performing in place update...


2025-08-27 18:26:43,435 INFO     ___FILE_ONLY___ ╔════════════════════════════════════════════════════════════╗

2025-08-27 18:26:43,435 INFO     ___FILE_ONLY___ ╠═ Downloading: gcloud Alpha Commands                       ═╣

2025-08-27 18:26:43,436 INFO     ___FILE_ONLY___ ╚
2025-08-27 18:26:43,438 DEBUG    urllib3.connectionpool Starting new HTTPS connection (1): dl.google.com:443
2025-08-27 18:26:44,391 DEBUG    urllib3.connectionpool https://dl.google.com:443 "GET /dl/cloudsdk/channels/rapid/components/google-cloud-sdk-alpha-20250822133333.tar.gz HTTP/11" 200 800
2025-08-27 18:26:44,392 INFO     ___FILE_ONLY___ ════════════════════════════════════════════════════════════
2025-08-27 18:26:44,392 INFO     ___FILE_ONLY___ ╝

2025-08-27 18:26:44,394 INFO     ___FILE_ONLY___ ╔════════════════════════════════════════════════════════════╗

2025-08-27 18:26:44,394 INFO     ___FILE_ONLY___ ╠═ Downloading: gcloud Beta Commands                        ═╣

2025-08-27 18:26:44,394 INFO     ___FILE_ONLY___ ╚
2025-08-27 18:26:44,397 DEBUG    urllib3.connectionpool Starting new HTTPS connection (1): dl.google.com:443
2025-08-27 18:26:45,337 DEBUG    urllib3.connectionpool https://dl.google.com:443 "GET /dl/cloudsdk/channels/rapid/components/google-cloud-sdk-beta-20250822133333.tar.gz HTTP/11" 200 797
2025-08-27 18:26:45,338 INFO     ___FILE_ONLY___ ════════════════════════════════════════════════════════════
2025-08-27 18:26:45,338 INFO     ___FILE_ONLY___ ╝

2025-08-27 18:26:45,340 INFO     ___FILE_ONLY___ ╔════════════════════════════════════════════════════════════╗

2025-08-27 18:26:45,340 INFO     ___FILE_ONLY___ ╠═ Downloading: gcloud Preview Commands                     ═╣

2025-08-27 18:26:45,340 INFO     ___FILE_ONLY___ ╚
2025-08-27 18:26:45,343 DEBUG    urllib3.connectionpool Starting new HTTPS connection (1): dl.google.com:443
2025-08-27 18:26:46,287 DEBUG    urllib3.connectionpool https://dl.google.com:443 "GET /dl/cloudsdk/channels/rapid/components/google-cloud-sdk-preview-20241115154308.tar.gz HTTP/11" 200 823
2025-08-27 18:26:46,287 INFO     ___FILE_ONLY___ ════════════════════════════════════════════════════════════
2025-08-27 18:26:46,287 INFO     ___FILE_ONLY___ ╝

2025-08-27 18:26:46,289 INFO     ___FILE_ONLY___ ╔════════════════════════════════════════════════════════════╗

2025-08-27 18:26:46,289 INFO     ___FILE_ONLY___ ╠═ Installing: gcloud Alpha Commands                        ═╣

2025-08-27 18:26:46,289 INFO     ___FILE_ONLY___ ╚
2025-08-27 18:26:46,290 INFO     ___FILE_ONLY___ ════════════════════════════════════════════════════════════
2025-08-27 18:26:46,291 INFO     ___FILE_ONLY___ ╝

2025-08-27 18:26:46,296 INFO     ___FILE_ONLY___ ╔════════════════════════════════════════════════════════════╗

2025-08-27 18:26:46,296 INFO     ___FILE_ONLY___ ╠═ Installing: gcloud Beta Commands                         ═╣

2025-08-27 18:26:46,296 INFO     ___FILE_ONLY___ ╚
2025-08-27 18:26:46,296 INFO     ___FILE_ONLY___ ════════════════════════════════════════════════════════════
2025-08-27 18:26:46,297 INFO     ___FILE_ONLY___ ╝

2025-08-27 18:26:46,300 INFO     ___FILE_ONLY___ ╔════════════════════════════════════════════════════════════╗

2025-08-27 18:26:46,300 INFO     ___FILE_ONLY___ ╠═ Installing: gcloud Preview Commands                      ═╣

2025-08-27 18:26:46,301 INFO     ___FILE_ONLY___ ╚
2025-08-27 18:26:46,301 INFO     ___FILE_ONLY___ ════════════════════════════════════════════════════════════
2025-08-27 18:26:46,301 INFO     ___FILE_ONLY___ ╝

2025-08-27 18:26:46,306 DEBUG    root            Updating notification cache...
2025-08-27 18:26:46,306 INFO     ___FILE_ONLY___ 

2025-08-27 18:26:46,308 INFO     ___FILE_ONLY___ Performing post processing steps...
2025-08-27 18:26:46,308 DEBUG    root            Executing command: ['/tools/google-cloud-sdk/bin/gcloud', 'components', 'post-process']
2025-08-27 18:26:55,726 DEBUG    ___FILE_ONLY___ 
2025-08-27 18:26:55,726 DEBUG    ___FILE_ONLY___ 
2025-08-27 18:26:55,826 INFO     root            descriptor_list: [{'universeDomain': 'googleapis.com', 'universeShortName': '', 'authenticationDomain': 'auth.cloud.google.com', 'projectPrefix': '', 'cloudWebDomain': 'cloud.google.com', 'documentationDomain': 'cloud.google.com', 'version': '1.0.0', 'state': 'primary', 'artifactRegistryDomain': 'pkg.dev'}]
2025-08-27 18:26:55,826 INFO     ___FILE_ONLY___ 
Update done!


2025-08-27 18:26:55,829 DEBUG    root            Chosen display Format:none
2025-08-27 18:26:55,829 INFO     root            Display format: "none"
